<?xml version="1.0" encoding="UTF-8"?>
<!-- Generated by org.testng.reporters.JUnitReportReporter -->
<testsuite hostname="DESKTOP-KV58UVC" failures="0" tests="2" name="Academy.HomePage" time="13.671" errors="0" timestamp="2022-02-10T16:52:52 EET" skipped="0">
  <testcase classname="Academy.HomePage" name="basePageNavigation" time="3.432"/>
  <system-out/>
  <testcase classname="Academy.HomePage" name="basePageNavigation" time="10.239"/>
  <system-out/>
</testsuite> <!-- Academy.HomePage -->
