<?xml version="1.0" encoding="UTF-8"?>
<!-- Generated by org.testng.reporters.JUnitReportReporter -->
<testsuite hostname="DESKTOP-KV58UVC" failures="0" tests="1" name="RSATest" time="15.965" errors="0" timestamp="2022-02-11T16:08:19 EET" skipped="0">
  <testcase classname="RSATest" name="HomePageCheck" time="15.965"/>
  <system-out/>
</testsuite> <!-- RSATest -->
