<?xml version="1.0" encoding="UTF-8"?>
<!-- Generated by org.testng.reporters.JUnitReportReporter -->
<testsuite hostname="DESKTOP-KV58UVC" failures="0" tests="1" name="Academy.ValidateNavItem" time="0.054" errors="0" timestamp="2022-02-10T16:09:20 EET" skipped="0">
  <testcase classname="Academy.ValidateNavItem" name="validateAppNavBar" time="0.054"/>
  <system-out/>
</testsuite> <!-- Academy.ValidateNavItem -->
