<?xml version="1.0" encoding="UTF-8"?>
<!-- Generated by org.testng.reporters.JUnitReportReporter -->
<testsuite hostname="DESKTOP-KV58UVC" failures="0" tests="2" name="CucumberOptions.TestRunner" time="33.011" errors="2" timestamp="2022-02-21T16:45:27 EET" skipped="0">
  <testcase classname="CucumberOptions.TestRunner" name="runScenario" time="24.781">
    <error message="no such element: Unable to locate element: {&quot;method&quot;:&quot;css selector&quot;,&quot;selector&quot;:&quot;*[name=&#039;query&#039;]&quot;}
  (Session info: chrome=98.0.4758.102)
For documentation on this error, please visit: https://selenium.dev/exceptions/#no_such_element
Build info: version: &#039;4.1.2&#039;, revision: &#039;9a5a329c5a&#039;
System info: host: &#039;DESKTOP-KV58UVC&#039;, ip: &#039;169.254.123.213&#039;, os.name: &#039;Windows 10&#039;, os.arch: &#039;amd64&#039;, os.version: &#039;10.0&#039;, java.version: &#039;17.0.1&#039;
Driver info: org.openqa.selenium.chrome.ChromeDriver
Command: [dd2b0bfeb70eb63d0b7dfa0175b416cf, findElement {using=name, value=query}]
Capabilities {acceptInsecureCerts: false, browserName: chrome, browserVersion: 98.0.4758.102, chrome: {chromedriverVersion: 97.0.4692.71 (adefa7837d02a..., userDataDir: C:\Users\Mihai\AppData\Loca...}, goog:chromeOptions: {debuggerAddress: localhost:1073}, javascriptEnabled: true, networkConnectionEnabled: false, pageLoadStrategy: normal, platform: WINDOWS, platformName: WINDOWS, proxy: Proxy(), se:cdp: ws://localhost:1073/devtool..., se:cdpVersion: 98.0.4758.102, setWindowRect: true, strictFileInteractability: false, timeouts: {implicit: 0, pageLoad: 300000, script: 30000}, unhandledPromptBehavior: dismiss and notify, webauthn:extension:credBlob: true, webauthn:extension:largeBlob: true, webauthn:virtualAuthenticators: true}
Session ID: dd2b0bfeb70eb63d0b7dfa0175b416cf" type="org.openqa.selenium.NoSuchElementException">
      <![CDATA[org.openqa.selenium.NoSuchElementException: no such element: Unable to locate element: {"method":"css selector","selector":"*[name='query']"}
  (Session info: chrome=98.0.4758.102)
For documentation on this error, please visit: https://selenium.dev/exceptions/#no_such_element
Build info: version: '4.1.2', revision: '9a5a329c5a'
System info: host: 'DESKTOP-KV58UVC', ip: '169.254.123.213', os.name: 'Windows 10', os.arch: 'amd64', os.version: '10.0', java.version: '17.0.1'
Driver info: org.openqa.selenium.chrome.ChromeDriver
Command: [dd2b0bfeb70eb63d0b7dfa0175b416cf, findElement {using=name, value=query}]
Capabilities {acceptInsecureCerts: false, browserName: chrome, browserVersion: 98.0.4758.102, chrome: {chromedriverVersion: 97.0.4692.71 (adefa7837d02a..., userDataDir: C:\Users\Mihai\AppData\Loca...}, goog:chromeOptions: {debuggerAddress: localhost:1073}, javascriptEnabled: true, networkConnectionEnabled: false, pageLoadStrategy: normal, platform: WINDOWS, platformName: WINDOWS, proxy: Proxy(), se:cdp: ws://localhost:1073/devtool..., se:cdpVersion: 98.0.4758.102, setWindowRect: true, strictFileInteractability: false, timeouts: {implicit: 0, pageLoad: 300000, script: 30000}, unhandledPromptBehavior: dismiss and notify, webauthn:extension:credBlob: true, webauthn:extension:largeBlob: true, webauthn:virtualAuthenticators: true}
Session ID: dd2b0bfeb70eb63d0b7dfa0175b416cf
at java.base/jdk.internal.reflect.NativeConstructorAccessorImpl.newInstance0(Native Method)
at java.base/jdk.internal.reflect.NativeConstructorAccessorImpl.newInstance(NativeConstructorAccessorImpl.java:77)
at java.base/jdk.internal.reflect.DelegatingConstructorAccessorImpl.newInstance(DelegatingConstructorAccessorImpl.java:45)
at java.base/java.lang.reflect.Constructor.newInstanceWithCaller(Constructor.java:499)
at java.base/java.lang.reflect.Constructor.newInstance(Constructor.java:480)
at org.openqa.selenium.remote.codec.w3c.W3CHttpResponseCodec.createException(W3CHttpResponseCodec.java:200)
at org.openqa.selenium.remote.codec.w3c.W3CHttpResponseCodec.decode(W3CHttpResponseCodec.java:133)
at org.openqa.selenium.remote.codec.w3c.W3CHttpResponseCodec.decode(W3CHttpResponseCodec.java:53)
at org.openqa.selenium.remote.HttpCommandExecutor.execute(HttpCommandExecutor.java:184)
at org.openqa.selenium.remote.service.DriverCommandExecutor.invokeExecute(DriverCommandExecutor.java:167)
at org.openqa.selenium.remote.service.DriverCommandExecutor.execute(DriverCommandExecutor.java:142)
at org.openqa.selenium.remote.RemoteWebDriver.execute(RemoteWebDriver.java:558)
at org.openqa.selenium.remote.ElementLocation$ElementFinder$2.findElement(ElementLocation.java:162)
at org.openqa.selenium.remote.ElementLocation.findElement(ElementLocation.java:66)
at org.openqa.selenium.remote.RemoteWebDriver.findElement(RemoteWebDriver.java:382)
at org.openqa.selenium.remote.RemoteWebDriver.findElement(RemoteWebDriver.java:374)
at pageObjects.portalHomePage.getSearchBox(portalHomePage.java:25)
at stepDefinition.stepDefinition.verify_that_user_is_successfully_logged_in(stepDefinition.java:62)
at ✽.Verify that user is successfully logged in(file:///D:/Eclipse%20Selenium%20Udemy/E2EProject/src/test/java/features/login.feature:28)
]]>
    </error>
  </testcase> <!-- runScenario -->
  <system-out/>
  <testcase classname="CucumberOptions.TestRunner" name="runScenario" time="8.230">
    <error message="chrome not reachable
  (Session info: chrome=98.0.4758.102)
Build info: version: &#039;4.1.2&#039;, revision: &#039;9a5a329c5a&#039;
System info: host: &#039;DESKTOP-KV58UVC&#039;, ip: &#039;169.254.123.213&#039;, os.name: &#039;Windows 10&#039;, os.arch: &#039;amd64&#039;, os.version: &#039;10.0&#039;, java.version: &#039;17.0.1&#039;
Driver info: org.openqa.selenium.chrome.ChromeDriver
Command: [67d00f9aa35abfde096a1c7434cbcd33, findElements {using=xpath, value=//button[contains(text(),&#039;NO THANKS&#039;)]}]
Capabilities {acceptInsecureCerts: false, browserName: chrome, browserVersion: 98.0.4758.102, chrome: {chromedriverVersion: 97.0.4692.71 (adefa7837d02a..., userDataDir: C:\Users\Mihai\AppData\Loca...}, goog:chromeOptions: {debuggerAddress: localhost:1260}, javascriptEnabled: true, networkConnectionEnabled: false, pageLoadStrategy: normal, platform: WINDOWS, platformName: WINDOWS, proxy: Proxy(), se:cdp: ws://localhost:1260/devtool..., se:cdpVersion: 98.0.4758.102, setWindowRect: true, strictFileInteractability: false, timeouts: {implicit: 0, pageLoad: 300000, script: 30000}, unhandledPromptBehavior: dismiss and notify, webauthn:extension:credBlob: true, webauthn:extension:largeBlob: true, webauthn:virtualAuthenticators: true}
Session ID: 67d00f9aa35abfde096a1c7434cbcd33" type="org.openqa.selenium.WebDriverException">
      <![CDATA[org.openqa.selenium.WebDriverException: chrome not reachable
  (Session info: chrome=98.0.4758.102)
Build info: version: '4.1.2', revision: '9a5a329c5a'
System info: host: 'DESKTOP-KV58UVC', ip: '169.254.123.213', os.name: 'Windows 10', os.arch: 'amd64', os.version: '10.0', java.version: '17.0.1'
Driver info: org.openqa.selenium.chrome.ChromeDriver
Command: [67d00f9aa35abfde096a1c7434cbcd33, findElements {using=xpath, value=//button[contains(text(),'NO THANKS')]}]
Capabilities {acceptInsecureCerts: false, browserName: chrome, browserVersion: 98.0.4758.102, chrome: {chromedriverVersion: 97.0.4692.71 (adefa7837d02a..., userDataDir: C:\Users\Mihai\AppData\Loca...}, goog:chromeOptions: {debuggerAddress: localhost:1260}, javascriptEnabled: true, networkConnectionEnabled: false, pageLoadStrategy: normal, platform: WINDOWS, platformName: WINDOWS, proxy: Proxy(), se:cdp: ws://localhost:1260/devtool..., se:cdpVersion: 98.0.4758.102, setWindowRect: true, strictFileInteractability: false, timeouts: {implicit: 0, pageLoad: 300000, script: 30000}, unhandledPromptBehavior: dismiss and notify, webauthn:extension:credBlob: true, webauthn:extension:largeBlob: true, webauthn:virtualAuthenticators: true}
Session ID: 67d00f9aa35abfde096a1c7434cbcd33
at java.base/jdk.internal.reflect.NativeConstructorAccessorImpl.newInstance0(Native Method)
at java.base/jdk.internal.reflect.NativeConstructorAccessorImpl.newInstance(NativeConstructorAccessorImpl.java:77)
at java.base/jdk.internal.reflect.DelegatingConstructorAccessorImpl.newInstance(DelegatingConstructorAccessorImpl.java:45)
at java.base/java.lang.reflect.Constructor.newInstanceWithCaller(Constructor.java:499)
at java.base/java.lang.reflect.Constructor.newInstance(Constructor.java:480)
at org.openqa.selenium.remote.codec.w3c.W3CHttpResponseCodec.createException(W3CHttpResponseCodec.java:200)
at org.openqa.selenium.remote.codec.w3c.W3CHttpResponseCodec.decode(W3CHttpResponseCodec.java:133)
at org.openqa.selenium.remote.codec.w3c.W3CHttpResponseCodec.decode(W3CHttpResponseCodec.java:53)
at org.openqa.selenium.remote.HttpCommandExecutor.execute(HttpCommandExecutor.java:184)
at org.openqa.selenium.remote.service.DriverCommandExecutor.invokeExecute(DriverCommandExecutor.java:167)
at org.openqa.selenium.remote.service.DriverCommandExecutor.execute(DriverCommandExecutor.java:142)
at org.openqa.selenium.remote.RemoteWebDriver.execute(RemoteWebDriver.java:558)
at org.openqa.selenium.remote.ElementLocation$ElementFinder$2.findElements(ElementLocation.java:179)
at org.openqa.selenium.remote.ElementLocation.findElements(ElementLocation.java:102)
at org.openqa.selenium.remote.RemoteWebDriver.findElements(RemoteWebDriver.java:397)
at org.openqa.selenium.remote.RemoteWebDriver.findElements(RemoteWebDriver.java:389)
at pageObjects.LandingPage.getPopUpSize(LandingPage.java:52)
at stepDefinition.stepDefinition.click_on_login_link_in_home_page_to_land_on_secure_sign_in_page(stepDefinition.java:36)
at ✽.Click on Login link in home page to land on Secure sign in page(file:///D:/Eclipse%20Selenium%20Udemy/E2EProject/src/test/java/features/login.feature:26)
]]>
    </error>
  </testcase> <!-- runScenario -->
  <system-out/>
</testsuite> <!-- CucumberOptions.TestRunner -->
