<?xml version="1.0" encoding="UTF-8"?>
<!-- Generated by org.testng.reporters.JUnitReportReporter -->
<testsuite hostname="DESKTOP-KV58UVC" failures="0" tests="1" name="extentreports.ExtentReports.ExtentReportDemo" time="8.371" errors="0" timestamp="2022-02-21T16:11:00 EET" skipped="0">
  <testcase classname="extentreports.ExtentReports.ExtentReportDemo" name="initialDemo" time="8.371"/>
  <system-out/>
</testsuite> <!-- extentreports.ExtentReports.ExtentReportDemo -->
